#-----------------------------------------------------------
# Vivado v2021.2 (64-bit)
# SW Build 3367213 on Tue Oct 19 02:48:09 MDT 2021
# IP Build 3369179 on Thu Oct 21 08:25:16 MDT 2021
# Start of session at: Wed Feb  8 14:42:59 2023
# Process ID: 10772
# Current directory: C:/Users/palad/Downloads/Pipeline_DSD/Pipeline_DSD
# Command line: vivado.exe -gui_launcher_event rodinguilauncherevent13832 C:\Users\palad\Downloads\Pipeline_DSD\Pipeline_DSD\Pipeline_DSD.xpr
# Log file: C:/Users/palad/Downloads/Pipeline_DSD/Pipeline_DSD/vivado.log
# Journal file: C:/Users/palad/Downloads/Pipeline_DSD/Pipeline_DSD\vivado.jou
# Running On: DESKTOP-ECKM9MM, OS: Windows, CPU Frequency: 2712 MHz, CPU Physical cores: 2, Host memory: 12764 MB
#-----------------------------------------------------------
start_gui
open_project C:/Users/palad/Downloads/Pipeline_DSD/Pipeline_DSD/Pipeline_DSD.xpr
WARNING: [Board 49-26] cannot add Board Part xilinx.com:vck190_es:part0:1.3 available at C:/Xilinx/Vivado/2021.2/data/xhub/boards/XilinxBoardStore/boards/Xilinx/vck190/es/1.3/board.xml as part xcvc1902-vsva2197-2mp-e-s-es1 specified in board_part file is either invalid or not available
WARNING: [Board 49-26] cannot add Board Part xilinx.com:vmk180_es:part0:1.3 available at C:/Xilinx/Vivado/2021.2/data/xhub/boards/XilinxBoardStore/boards/Xilinx/vmk180/es/1.3/board.xml as part xcvm1802-vsva2197-2mp-e-s-es1 specified in board_part file is either invalid or not available
WARNING: [Board 49-26] cannot add Board Part xilinx.com:vpk120_es:part0:1.2 available at C:/Xilinx/Vivado/2021.2/data/xhub/boards/XilinxBoardStore/boards/Xilinx/vpk120/es/1.2/board.xml as part xcvp1202-vsva2785-2mp-e-s-es1 specified in board_part file is either invalid or not available
WARNING: [Board 49-26] cannot add Board Part xilinx.com:zcu208_es:part0:1.0 available at C:/Xilinx/Vivado/2021.2/data/xhub/boards/XilinxBoardStore/boards/Xilinx/zcu208/es/1.0/board.xml as part xczu48dr-fsvg1517-2-e-es1 specified in board_part file is either invalid or not available
WARNING: [Board 49-26] cannot add Board Part xilinx.com:zcu208_es:part0:1.1 available at C:/Xilinx/Vivado/2021.2/data/xhub/boards/XilinxBoardStore/boards/Xilinx/zcu208/es/1.1/board.xml as part xczu48dr-fsvg1517-2-e-es1 specified in board_part file is either invalid or not available
WARNING: [Board 49-26] cannot add Board Part xilinx.com:zcu208_es:part0:1.2 available at C:/Xilinx/Vivado/2021.2/data/xhub/boards/XilinxBoardStore/boards/Xilinx/zcu208/es/1.2/board.xml as part xczu48dr-fsvg1517-2-e-es1 specified in board_part file is either invalid or not available
WARNING: [Board 49-26] cannot add Board Part xilinx.com:zcu208ld:part0:2.0 available at C:/Xilinx/Vivado/2021.2/data/xhub/boards/XilinxBoardStore/boards/Xilinx/zcu208ld/production/2.0/board.xml as part xczu58dr-fsvg1517-2-i specified in board_part file is either invalid or not available
WARNING: [Board 49-26] cannot add Board Part xilinx.com:zcu208ld_es:part0:1.0 available at C:/Xilinx/Vivado/2021.2/data/xhub/boards/XilinxBoardStore/boards/Xilinx/zcu208ld/es/1.0/board.xml as part xczu58dr-fsvg1517-2-i-es1 specified in board_part file is either invalid or not available
WARNING: [Board 49-26] cannot add Board Part xilinx.com:zcu216_es:part0:1.0 available at C:/Xilinx/Vivado/2021.2/data/xhub/boards/XilinxBoardStore/boards/Xilinx/zcu216/es/1.0/board.xml as part xczu49dr-ffvf1760-2-e-es1 specified in board_part file is either invalid or not available
WARNING: [Board 49-26] cannot add Board Part xilinx.com:zcu216_es:part0:1.1 available at C:/Xilinx/Vivado/2021.2/data/xhub/boards/XilinxBoardStore/boards/Xilinx/zcu216/es/1.1/board.xml as part xczu49dr-ffvf1760-2-e-es1 specified in board_part file is either invalid or not available
WARNING: [Board 49-26] cannot add Board Part xilinx.com:zcu216_es:part0:1.2 available at C:/Xilinx/Vivado/2021.2/data/xhub/boards/XilinxBoardStore/boards/Xilinx/zcu216/es/1.2/board.xml as part xczu49dr-ffvf1760-2-e-es1 specified in board_part file is either invalid or not available
WARNING: [Board 49-26] cannot add Board Part xilinx.com:zcu216ld:part0:2.0 available at C:/Xilinx/Vivado/2021.2/data/xhub/boards/XilinxBoardStore/boards/Xilinx/zcu216ld/production/2.0/board.xml as part xczu59dr-ffvf1760-2-i specified in board_part file is either invalid or not available
WARNING: [Board 49-26] cannot add Board Part xilinx.com:zcu216ld_es:part0:1.0 available at C:/Xilinx/Vivado/2021.2/data/xhub/boards/XilinxBoardStore/boards/Xilinx/zcu216ld/es/1.0/board.xml as part xczu59dr-ffvf1760-2-i-es1 specified in board_part file is either invalid or not available
WARNING: [Board 49-26] cannot add Board Part xilinx.com:zcu670:part0:1.0 available at C:/Xilinx/Vivado/2021.2/data/xhub/boards/XilinxBoardStore/boards/Xilinx/zcu670/1.0/board.xml as part xczu67dr-fsve1156-2-i specified in board_part file is either invalid or not available
Scanning sources...
Finished scanning sources
INFO: [IP_Flow 19-234] Refreshing IP repositories
INFO: [IP_Flow 19-1704] No user IP repositories specified
INFO: [IP_Flow 19-2313] Loaded Vivado IP repository 'C:/Xilinx/Vivado/2021.2/data/ip'.
open_project: Time (s): cpu = 00:00:26 ; elapsed = 00:00:18 . Memory (MB): peak = 1384.254 ; gain = 0.000
update_compile_order -fileset sources_1
exit
INFO: [Common 17-206] Exiting Vivado at Wed Feb  8 14:46:43 2023...
lapsed = 00:00:12 . Memory (MB): peak = 1384.641 ; gain = 0.000
upgrade_project -migrate_output_products
update_compile_order -fileset sources_1
launch_simulation
Command: launch_simulation 
INFO: [Vivado 12-12493] Simulation top is 'test'
WARNING: [Vivado 12-12986] Compiled library path does not exist: ''
INFO: [Vivado 12-5682] Launching behavioral simulation in 'C:/Users/palad/Downloads/Pipeline_DSD/Pipeline_DSD/Pipeline_DSD.sim/sim_1/behav/xsim'
INFO: [SIM-utils-51] Simulation object is 'sim_1'
INFO: [SIM-utils-72] Using boost library from 'C:/Xilinx/Vivado/2021.2/tps/boost_1_72_0'
INFO: [SIM-utils-54] Inspecting design source files for 'test' in fileset 'sim_1'...
INFO: [USF-XSim-97] Finding global include files...
INFO: [USF-XSim-98] Fetching design files from 'sim_1'...
INFO: [USF-XSim-2] XSim::Compile design
INFO: [USF-XSim-61] Executing 'COMPILE and ANALYZE' step in 'C:/Users/palad/Downloads/Pipeline_DSD/Pipeline_DSD/Pipeline_DSD.sim/sim_1/behav/xsim'
"xvlog --incr --relax -prj test_vlog.prj"
INFO: [VRFC 10-2263] Analyzing Verilog file "C:/Users/palad/Downloads/Pipeline_DSD/Pipeline_DSD/Pipeline_DSD.srcs/sources_1/new/opcode.v" into library xil_defaultlib
INFO: [VRFC 10-2263] Analyzing Verilog file "C:/Users/palad/Downloads/Pipeline_DSD/Pipeline_DSD/Pipeline_DSD.srcs/sources_1/new/DataForwarding.v" into library xil_defaultlib
INFO: [VRFC 10-311] analyzing module DataForwarding
INFO: [VRFC 10-2263] Analyzing Verilog file "C:/Users/palad/Downloads/Pipeline_DSD/Pipeline_DSD/Pipeline_DSD.srcs/sources_1/new/Execute.v" into library xil_defaultlib
INFO: [VRFC 10-311] analyzing module Execute
INFO: [VRFC 10-2263] Analyzing Verilog file "C:/Users/palad/Downloads/Pipeline_DSD/Pipeline_DSD/Pipeline_DSD.srcs/sources_1/new/Fetch.v" into library xil_defaultlib
INFO: [VRFC 10-311] analyzing module Fetch
INFO: [VRFC 10-2263] Analyzing Verilog file "C:/Users/palad/Downloads/Pipeline_DSD/Pipeline_DSD/Pipeline_DSD.srcs/sources_1/new/Read.v" into library xil_defaultlib
INFO: [VRFC 10-311] analyzing module Read
INFO: [VRFC 10-2263] Analyzing Verilog file "C:/Users/palad/Downloads/Pipeline_DSD/Pipeline_DSD/Pipeline_DSD.srcs/sources_1/new/Top.v" into library xil_defaultlib
INFO: [VRFC 10-311] analyzing module top
INFO: [VRFC 10-2263] Analyzing Verilog file "C:/Users/palad/Downloads/Pipeline_DSD/Pipeline_DSD/Pipeline_DSD.srcs/sources_1/new/WriteBack.v" into library xil_defaultlib
INFO: [VRFC 10-311] analyzing module WriteBack
INFO: [VRFC 10-2263] Analyzing Verilog file "C:/Users/palad/Downloads/Pipeline_DSD/Pipeline_DSD/Pipeline_DSD.srcs/sim_1/new/Test.v" into library xil_defaultlib
INFO: [VRFC 10-311] analyzing module test
INFO: [VRFC 10-2263] Analyzing Verilog file "C:/Users/palad/Downloads/Pipeline_DSD/Pipeline_DSD/Pipeline_DSD.sim/sim_1/behav/xsim/glbl.v" into library xil_defaultlib
INFO: [VRFC 10-311] analyzing module glbl
INFO: [USF-XSim-69] 'compile' step finished in '3' seconds
INFO: [USF-XSim-3] XSim::Elaborate design
INFO: [USF-XSim-61] Executing 'ELABORATE' step in 'C:/Users/palad/Downloads/Pipeline_DSD/Pipeline_DSD/Pipeline_DSD.sim/sim_1/behav/xsim'
"xelab --incr --debug typical --relax --mt 2 -L xil_defaultlib -L unisims_ver -L unimacro_ver -L secureip --snapshot test_behav xil_defaultlib.test xil_defaultlib.glbl -log elaborate.log"
Vivado Simulator v2021.2
Copyright 1986-1999, 2001-2021 Xilinx, Inc. All Rights Reserved.
Running: C:/Xilinx/Vivado/2021.2/bin/unwrapped/win64.o/xelab.exe --incr --debug typical --relax --mt 2 -L xil_defaultlib -L unisims_ver -L unimacro_ver -L secureip --snapshot test_behav xil_defaultlib.test xil_defaultlib.glbl -log elaborate.log 
Using 2 slave threads.
Starting static elaboration
Pass Through NonSizing Optimizer
Completed static elaboration
Starting simulation data flow analysis
Completed simulation data flow analysis
Time Resolution for simulation is 1ps
Compiling module xil_defaultlib.Fetch
Compiling module xil_defaultlib.Read
Compiling module xil_defaultlib.Execute
Compiling module xil_defaultlib.WriteBack
Compiling module xil_defaultlib.DataForwarding
Compiling module xil_defaultlib.top
Compiling module xil_defaultlib.test
Compiling module xil_defaultlib.glbl
Built simulation snapshot test_behav
INFO: [USF-XSim-69] 'elaborate' step finished in '5' seconds
INFO: [USF-XSim-4] XSim::Simulate design
INFO: [USF-XSim-61] Executing 'SIMULATE' step in 'C:/Users/palad/Downloads/Pipeline_DSD/Pipeline_DSD/Pipeline_DSD.sim/sim_1/behav/xsim'
INFO: [USF-XSim-98] *** Running xsim
   with args "test_behav -key {Behavioral:sim_1:Functional:test} -tclbatch {test.tcl} -log {simulate.log}"
INFO: [USF-XSim-8] Loading simulator feature
Time resolution is 1 ps
source test.tcl
# set curr_wave [current_wave_config]
# if { [string length $curr_wave] == 0 } {
#   if { [llength [get_objects]] > 0} {
#     add_wave /
#     set_property needs_save false [current_wave_config]
#   } else {
#      send_msg_id Add_Wave-1 WARNING "No top level signals found. Simulator will start without a wave window. If you want to open a wave window go to 'File->New Waveform Configuration' or type 'create_wave_config' in the TCL console."
#   }
# }
# run 1000ns
INFO: [USF-XSim-96] XSim completed. Design snapshot 'test_behav' loaded.
INFO: [USF-XSim-97] XSim simulation ran for 1000ns
launch_simulation: Time (s): cpu = 00:00:11 ; elapsed = 00:00:12 . Memory (MB): peak = 1384.641 ; gain = 0.000
restart
INFO: [Simtcl 6-17] Simulation restarted
run all
$stop called at time : 1670 ns : File "C:/Users/palad/Downloads/Pipeline_DSD/Pipeline_DSD/Pipeline_DSD.srcs/sim_1/new/Test.v" Line 176
run: Time (s): cpu = 00:00:03 ; elapsed = 00:23:24 . Memory (MB): peak = 1384.641 ; gain = 0.000
save_wave_config {C:/Users/palad/Downloads/Pipeline_DSD/Pipeline_DSD/test_behav.wcfg}
add_files -fileset sim_1 -norecurse C:/Users/palad/Downloads/Pipeline_DSD/Pipeline_DSD/test_behav.wcfg
